#
# There is insufficient memory for the Java Runtime Environment to continue.
# Native memory allocation (mmap) failed to map 264241152 bytes. Error detail: G1 virtual space
# Possible reasons:
#   The system is out of physical RAM or swap space
#   This process is running with CompressedOops enabled, and the Java Heap may be blocking the growth of the native heap
# Possible solutions:
#   Reduce memory load on the system
#   Increase physical memory or swap space
#   Check if swap backing store is full
#   Decrease Java heap size (-Xmx/-Xms)
#   Decrease number of Java threads
#   Decrease Java thread stack sizes (-Xss)
#   Set larger code cache with -XX:ReservedCodeCacheSize=
#   JVM is running with Zero Based Compressed Oops mode in which the Java heap is
#     placed in the first 32GB address space. The Java Heap base address is the
#     maximum limit for the native heap growth. Please use -XX:HeapBaseMinAddress
#     to set the Java Heap base and to place the Java Heap above 32GB virtual address.
# This output file may be truncated or incomplete.
#
#  Out of Memory Error (os_windows.cpp:3825), pid=6968, tid=3660
#
# JRE version:  (17.0.12+1) (build )
# Java VM: OpenJDK 64-Bit Server VM (17.0.12+1-b1087.25, mixed mode, sharing, tiered, compressed oops, compressed class ptrs, g1 gc, windows-amd64)
# No core dump will be written. Minidumps are not enabled by default on client versions of Windows
#

---------------  S U M M A R Y ------------

Command Line: -Dfile.encoding=GBK A:\Programs\Huawei\DevEco Studio\sdk\default\openharmony\toolchains\lib\app_packing_tool.jar --mode hap --force true --lib-path A:\Programs\Huawei\HarmonyProject\entry\build\default\intermediates\stripped_native_libs\default --json-path A:\Programs\Huawei\HarmonyProject\entry\build\default\intermediates\package\default\module.json --resources-path A:\Programs\Huawei\HarmonyProject\entry\build\default\intermediates\res\default\resources --index-path A:\Programs\Huawei\HarmonyProject\entry\build\default\intermediates\res\default\resources.index --pack-info-path A:\Programs\Huawei\HarmonyProject\entry\build\default\outputs\default\pack.info --out-path A:\Programs\Huawei\HarmonyProject\entry\build\default\outputs\default\entry-default-unsigned.hap --ets-path A:\Programs\Huawei\HarmonyProject\entry\build\default\intermediates\loader_out\default\ets --pkg-context-path A:\Programs\Huawei\HarmonyProject\entry\build\default\intermediates\loader\default\pkgContextInfo.json

Host: 13th Gen Intel(R) Core(TM) i5-13500H, 12 cores, 15G,  Windows 11 , 64 bit Build 22621 (10.0.22621.4391)
Time: Sat Dec  7 11:11:04 2024  Windows 11 , 64 bit Build 22621 (10.0.22621.4391) elapsed time: 0.011034 seconds (0d 0h 0m 0s)

---------------  T H R E A D  ---------------

Current thread (0x00000000033d1870):  JavaThread "Unknown thread" [_thread_in_vm, id=3660, stack(0x0000000002a80000,0x0000000002b80000)]

Stack: [0x0000000002a80000,0x0000000002b80000]
Native frames: (J=compiled Java code, j=interpreted, Vv=VM code, C=native code)
V  [jvm.dll+0x688dd9]
V  [jvm.dll+0x842eaa]
V  [jvm.dll+0x844aee]
V  [jvm.dll+0x845153]
V  [jvm.dll+0x24ba3f]
V  [jvm.dll+0x685ba9]
V  [jvm.dll+0x67a45a]
V  [jvm.dll+0x30c60b]
V  [jvm.dll+0x313ab6]
V  [jvm.dll+0x363c6e]
V  [jvm.dll+0x363e9f]
V  [jvm.dll+0x2e2658]
V  [jvm.dll+0x2e3594]
V  [jvm.dll+0x813b31]
V  [jvm.dll+0x3719c1]
V  [jvm.dll+0x7f2626]
V  [jvm.dll+0x3f563f]
V  [jvm.dll+0x3f7191]
C  [jli.dll+0x528f]
C  [ucrtbase.dll+0x29333]
C  [KERNEL32.DLL+0x1259d]
C  [ntdll.dll+0x5af38]


---------------  P R O C E S S  ---------------

Threads class SMR info:
_java_thread_list=0x00007fffe8ee0f58, length=0, elements={
}

Java Threads: ( => current thread )

Other Threads:
  0x000000000343db30 GCTaskThread "GC Thread#0" [stack: 0x000000001f620000,0x000000001f720000] [id=9096]
  0x000000000344e4e0 ConcurrentGCThread "G1 Main Marker" [stack: 0x000000001f720000,0x000000001f820000] [id=14436]
  0x000000000344eda0 ConcurrentGCThread "G1 Conc#0" [stack: 0x000000001f820000,0x000000001f920000] [id=3396]

[error occurred during error reporting (printing all threads), id 0xc0000005, EXCEPTION_ACCESS_VIOLATION (0xc0000005) at pc=0x00007fffe86931c7]

VM state: not at safepoint (not fully initialized)

VM Mutex/Monitor currently owned by a thread:  ([mutex/lock_event])
[0x00000000033cd430] Heap_lock - owner thread: 0x00000000033d1870

Heap address: 0x0000000704400000, size: 4028 MB, Compressed Oops mode: Zero based, Oop shift amount: 3

CDS archive(s) mapped at: [0x0000000000000000-0x0000000000000000-0x0000000000000000), size 0, SharedBaseAddress: 0x0000000800000000, ArchiveRelocationMode: 1.
Narrow klass base: 0x0000000000000000, Narrow klass shift: 0, Narrow klass range: 0x0

GC Precious Log:
<Empty>

Heap:
 garbage-first heap   total 0K, used 0K [0x0000000704400000, 0x0000000800000000)
  region size 2048K, 0 young (0K), 0 survivors (0K)
 Metaspace       used 0K, committed 0K, reserved 0K
  class space    used 0K, committed 0K, reserved 0K

Heap Regions: E=young(eden), S=young(survivor), O=old, HS=humongous(starts), HC=humongous(continues), CS=collection set, F=free, OA=open archive, CA=closed archive, TAMS=top-at-mark-start (previous, next)

Card table byte_map: [0x0000000016880000,0x0000000017060000] _byte_map_base: 0x000000001305e000

Marking Bits (Prev, Next): (CMBitMap*) 0x000000000343dff0, (CMBitMap*) 0x000000000343e030
 Prev Bits: [0x0000000017840000, 0x000000001b730000)
 Next Bits: [0x000000001b730000, 0x000000001f620000)

GC Heap History (0 events):
No events

Dll operation events (1 events):
Event: 0.007 Loaded shared library A:\Programs\Huawei\DevEco Studio\jbr\bin\java.dll

Deoptimization events (0 events):
No events

Classes unloaded (0 events):
No events

Classes redefined (0 events):
No events

Internal exceptions (0 events):
No events

VM Operations (0 events):
No events

Events (0 events):
No events


Dynamic libraries:
0x00007ff6b24d0000 - 0x00007ff6b24da000 	A:\Programs\Huawei\DevEco Studio\jbr\bin\java.exe
0x00007ff843d50000 - 0x00007ff843f67000 	C:\WINDOWS\SYSTEM32\ntdll.dll
0x00007ff842b70000 - 0x00007ff842c34000 	C:\WINDOWS\System32\KERNEL32.DLL
0x00007ff8413e0000 - 0x00007ff841799000 	C:\WINDOWS\System32\KERNELBASE.dll
0x00007ff841890000 - 0x00007ff8419a1000 	C:\WINDOWS\System32\ucrtbase.dll
0x00007ff82ff70000 - 0x00007ff82ff8b000 	A:\Programs\Huawei\DevEco Studio\jbr\bin\VCRUNTIME140.dll
0x00007ff82ff50000 - 0x00007ff82ff67000 	A:\Programs\Huawei\DevEco Studio\jbr\bin\jli.dll
0x00007ff842840000 - 0x00007ff8429ee000 	C:\WINDOWS\System32\USER32.dll
0x00007ff841050000 - 0x00007ff841076000 	C:\WINDOWS\System32\win32u.dll
0x00007ff819ab0000 - 0x00007ff819d42000 	C:\WINDOWS\WinSxS\amd64_microsoft.windows.common-controls_6595b64144ccf1df_6.0.22621.4391_none_2715d37f73803e96\COMCTL32.dll
0x00007ff842ea0000 - 0x00007ff842ec9000 	C:\WINDOWS\System32\GDI32.dll
0x00007ff841f10000 - 0x00007ff841fb7000 	C:\WINDOWS\System32\msvcrt.dll
0x00007ff841080000 - 0x00007ff84119b000 	C:\WINDOWS\System32\gdi32full.dll
0x00007ff841310000 - 0x00007ff8413aa000 	C:\WINDOWS\System32\msvcp_win.dll
0x00007ff841a70000 - 0x00007ff841aa1000 	C:\WINDOWS\System32\IMM32.DLL
0x00007ff83b260000 - 0x00007ff83b26c000 	A:\Programs\Huawei\DevEco Studio\jbr\bin\vcruntime140_1.dll
0x00007ff82f330000 - 0x00007ff82f3bd000 	A:\Programs\Huawei\DevEco Studio\jbr\bin\msvcp140.dll
0x00007fffe83a0000 - 0x00007fffe9025000 	A:\Programs\Huawei\DevEco Studio\jbr\bin\server\jvm.dll
0x00007ff841ab0000 - 0x00007ff841b62000 	C:\WINDOWS\System32\ADVAPI32.dll
0x00007ff842ce0000 - 0x00007ff842d87000 	C:\WINDOWS\System32\sechost.dll
0x00007ff8413b0000 - 0x00007ff8413d8000 	C:\WINDOWS\System32\bcrypt.dll
0x00007ff841cf0000 - 0x00007ff841e04000 	C:\WINDOWS\System32\RPCRT4.dll
0x00007ff840f20000 - 0x00007ff840f6d000 	C:\WINDOWS\SYSTEM32\POWRPROF.dll
0x00007ff83c6f0000 - 0x00007ff83c6f9000 	C:\WINDOWS\SYSTEM32\WSOCK32.dll
0x00007ff842c60000 - 0x00007ff842cd1000 	C:\WINDOWS\System32\WS2_32.dll
0x00007ff83b330000 - 0x00007ff83b364000 	C:\WINDOWS\SYSTEM32\WINMM.dll
0x00007ff836c60000 - 0x00007ff836c6a000 	C:\WINDOWS\SYSTEM32\VERSION.dll
0x00007ff840f00000 - 0x00007ff840f13000 	C:\WINDOWS\SYSTEM32\UMPDC.dll
0x00007ff840050000 - 0x00007ff840068000 	C:\WINDOWS\SYSTEM32\kernel.appcore.dll
0x00007ff83c6e0000 - 0x00007ff83c6ea000 	A:\Programs\Huawei\DevEco Studio\jbr\bin\jimage.dll
0x00007ff83e3e0000 - 0x00007ff83e612000 	C:\WINDOWS\SYSTEM32\DBGHELP.DLL
0x00007ff843130000 - 0x00007ff8434bf000 	C:\WINDOWS\System32\combase.dll
0x00007ff841c10000 - 0x00007ff841ce7000 	C:\WINDOWS\System32\OLEAUT32.dll
0x00007ff831ce0000 - 0x00007ff831d12000 	C:\WINDOWS\SYSTEM32\dbgcore.DLL
0x00007ff841810000 - 0x00007ff84188b000 	C:\WINDOWS\System32\bcryptPrimitives.dll
0x00007ff83b620000 - 0x00007ff83b645000 	A:\Programs\Huawei\DevEco Studio\jbr\bin\java.dll

dbghelp: loaded successfully - version: 4.0.5 - missing functions: none
symbol engine: initialized successfully - sym options: 0x614 - pdb path: .;A:\Programs\Huawei\DevEco Studio\jbr\bin;C:\WINDOWS\SYSTEM32;C:\WINDOWS\WinSxS\amd64_microsoft.windows.common-controls_6595b64144ccf1df_6.0.22621.4391_none_2715d37f73803e96;A:\Programs\Huawei\DevEco Studio\jbr\bin\server

VM Arguments:
jvm_args: -Dfile.encoding=GBK 
java_command: A:\Programs\Huawei\DevEco Studio\sdk\default\openharmony\toolchains\lib\app_packing_tool.jar --mode hap --force true --lib-path A:\Programs\Huawei\HarmonyProject\entry\build\default\intermediates\stripped_native_libs\default --json-path A:\Programs\Huawei\HarmonyProject\entry\build\default\intermediates\package\default\module.json --resources-path A:\Programs\Huawei\HarmonyProject\entry\build\default\intermediates\res\default\resources --index-path A:\Programs\Huawei\HarmonyProject\entry\build\default\intermediates\res\default\resources.index --pack-info-path A:\Programs\Huawei\HarmonyProject\entry\build\default\outputs\default\pack.info --out-path A:\Programs\Huawei\HarmonyProject\entry\build\default\outputs\default\entry-default-unsigned.hap --ets-path A:\Programs\Huawei\HarmonyProject\entry\build\default\intermediates\loader_out\default\ets --pkg-context-path A:\Programs\Huawei\HarmonyProject\entry\build\default\intermediates\loader\default\pkgContextInfo.json
java_class_path (initial): A:\Programs\Huawei\DevEco Studio\sdk\default\openharmony\toolchains\lib\app_packing_tool.jar
Launcher Type: SUN_STANDARD

[Global flags]
     intx CICompilerCount                          = 4                                         {product} {ergonomic}
     uint ConcGCThreads                            = 3                                         {product} {ergonomic}
     uint G1ConcRefinementThreads                  = 10                                        {product} {ergonomic}
   size_t G1HeapRegionSize                         = 2097152                                   {product} {ergonomic}
    uintx GCDrainStackTargetSize                   = 64                                        {product} {ergonomic}
   size_t InitialHeapSize                          = 264241152                                 {product} {ergonomic}
   size_t MarkStackSize                            = 4194304                                   {product} {ergonomic}
   size_t MaxHeapSize                              = 4223664128                                {product} {ergonomic}
   size_t MinHeapDeltaBytes                        = 2097152                                   {product} {ergonomic}
   size_t MinHeapSize                              = 8388608                                   {product} {ergonomic}
    uintx NonNMethodCodeHeapSize                   = 5839372                                {pd product} {ergonomic}
    uintx NonProfiledCodeHeapSize                  = 122909434                              {pd product} {ergonomic}
    uintx ProfiledCodeHeapSize                     = 122909434                              {pd product} {ergonomic}
    uintx ReservedCodeCacheSize                    = 251658240                              {pd product} {ergonomic}
     bool SegmentedCodeCache                       = true                                      {product} {ergonomic}
   size_t SoftMaxHeapSize                          = 4223664128                             {manageable} {ergonomic}
     bool UseCompressedClassPointers               = true                           {product lp64_product} {ergonomic}
     bool UseCompressedOops                        = true                           {product lp64_product} {ergonomic}
     bool UseG1GC                                  = true                                      {product} {ergonomic}
     bool UseLargePagesIndividualAllocation        = false                                  {pd product} {ergonomic}

Logging:
Log output configuration:
 #0: stdout all=warning uptime,level,tags
 #1: stderr all=off uptime,level,tags

Environment Variables:
JAVA_HOME=A:\Programs\Huawei\DevEco Studio\jbr
PATH=A:\Programs\Huawei\DevEco Studio\tools\node;A:\Programs\Huawei\DevEco Studio\jbr\bin;D:\Programs\Anaconda;C:\Program Files (x86)\Common Files\Intel\Shared Libraries\redist\intel64\compiler;C:\Program Files\Common Files\Oracle\Java\javapath;C:\WINDOWS\system32;C:\WINDOWS;C:\WINDOWS\System32\Wbem;C:\WINDOWS\System32\WindowsPowerShell\v1.0\;C:\WINDOWS\System32\OpenSSH\;C:\Program Files\dotnet\;D:\Windows Kits\10\Windows Performance Toolkit\;B:\programs\MySQL\bin;D:\Programs\VirsualStation\IDE\VC\Tools\MSVC\14.37.32822\bin\Hostx64\x64;D:\Programs\Matlab\runtime\win64;D:\Programs\Matlab\bin;C:\Program Files\Microsoft Office\root\Office16;D:\Windows Kits\10\bin\10.0.22621.0\x64;D:\Programs\AutoCommands;D:\Programs\Git\cmd;D:\Programs\Anaconda\Scripts;C:\Users\Andrpid\AppData\Local\Microsoft\WindowsApps;C:\Users\Andrpid\.dotnet\tools;D:\Programs\VScode\Microsoft VS Code\bin;D:\Programs\AndroidADB\PlatformTools;D:\Programs\LaTeX\texlive\2023\bin\windows;;A:\Programs\Huawei\DevEco Studio\bin;
USERNAME=Andrpid
OS=Windows_NT
PROCESSOR_IDENTIFIER=Intel64 Family 6 Model 186 Stepping 2, GenuineIntel
TMP=C:\Users\Andrpid\AppData\Local\Temp
TEMP=C:\Users\Andrpid\AppData\Local\Temp



Periodic native trim disabled

JNI global refs:
JNI global refs: 0, weak refs: 0

JNI global refs memory usage: 0, weak refs: 0

OOME stack traces (most recent first):
Classloader memory used:


---------------  S Y S T E M  ---------------

OS:
 Windows 11 , 64 bit Build 22621 (10.0.22621.4391)
OS uptime: 0 days 1:55 hours
Hyper-V role detected

CPU: total 12 (initial active 12) (8 cores per cpu, 2 threads per core) family 6 model 186 stepping 2 microcode 0x410e, cx8, cmov, fxsr, ht, mmx, 3dnowpref, sse, sse2, sse3, ssse3, sse4.1, sse4.2, popcnt, lzcnt, tsc, tscinvbit, avx, avx2, aes, erms, clmul, bmi1, bmi2, adx, sha, fma, vzeroupper, clflush, clflushopt, clwb, hv
Processor Information for processor 0
  Max Mhz: 2600, Current Mhz: 2600, Mhz Limit: 2600
Processor Information for processor 1
  Max Mhz: 2600, Current Mhz: 1024, Mhz Limit: 2600
Processor Information for processor 2
  Max Mhz: 2600, Current Mhz: 2600, Mhz Limit: 2600
Processor Information for processor 3
  Max Mhz: 2600, Current Mhz: 2600, Mhz Limit: 2600
Processor Information for processor 4
  Max Mhz: 2600, Current Mhz: 1300, Mhz Limit: 1898
Processor Information for processor 5
  Max Mhz: 2600, Current Mhz: 1300, Mhz Limit: 1898
Processor Information for processor 6
  Max Mhz: 2600, Current Mhz: 1300, Mhz Limit: 1898
Processor Information for processor 7
  Max Mhz: 2600, Current Mhz: 1300, Mhz Limit: 1898
Processor Information for processor 8
  Max Mhz: 2600, Current Mhz: 1900, Mhz Limit: 1898
Processor Information for processor 9
  Max Mhz: 2600, Current Mhz: 1300, Mhz Limit: 1898
Processor Information for processor 10
  Max Mhz: 2600, Current Mhz: 1900, Mhz Limit: 1898
Processor Information for processor 11
  Max Mhz: 2600, Current Mhz: 1300, Mhz Limit: 1898

Memory: 4k page, system-wide physical 16107M (4069M free)
TotalPageFile size 18155M (AvailPageFile size 248M)
current process WorkingSet (physical memory assigned to process): 11M, peak: 11M
current process commit charge ("private bytes"): 64M, peak: 316M

vm_info: OpenJDK 64-Bit Server VM (17.0.12+1-b1087.25) for windows-amd64 JRE (17.0.12+1-b1087.25), built on 2024-08-30 by "builduser" with MS VC++ 16.10 / 16.11 (VS2019)

END.
